<?xml version="1.0" encoding="UTF-8"?>
<!-- Generated by org.testng.reporters.JUnitReportReporter -->
<testsuite hostname="nit-ntb-480" name="TestCI" tests="1" failures="0" timestamp="10 Dec 2014 09:57:06 GMT" time="17.785" errors="0">
  <testcase name="FirstTest" time="17.785" classname="TestCI"/>
</testsuite> <!-- TestCI -->
