<?xml version="1.0" encoding="UTF-8"?>
<!-- Generated by org.testng.reporters.JUnitReportReporter -->
<testsuite hostname="nit-ntb-480" name="TestCI" tests="1" failures="0" timestamp="4 Dec 2014 09:33:25 GMT" time="25.932" errors="0">
  <testcase name="FirstTest" time="25.932" classname="TestCI"/>
</testsuite>
