<?xml version="1.0" encoding="UTF-8"?>
<!-- Generated by org.testng.reporters.JUnitReportReporter -->
<testsuite hostname="nit-ntb-480" name="TestCI" tests="1" failures="0" timestamp="7 Dec 2014 19:07:38 GMT" time="23.529" errors="0">
  <testcase name="FirstTest" time="23.529" classname="TestCI"/>
</testsuite> <!-- TestCI -->
